update-alternatives 2017-06-28 11:46:03: run with --quiet --install /usr/bin/awk awk /usr/bin/mawk 5 --slave /usr/share/man/man1/awk.1.gz awk.1.gz /usr/share/man/man1/mawk.1.gz --slave /usr/bin/nawk nawk /usr/bin/mawk --slave /usr/share/man/man1/nawk.1.gz nawk.1.gz /usr/share/man/man1/mawk.1.gz
update-alternatives 2017-06-28 11:46:03: link group awk updated to point to /usr/bin/mawk
update-alternatives 2017-06-28 11:47:15: run with --quiet --install /usr/bin/awk awk /usr/bin/mawk 5 --slave /usr/share/man/man1/awk.1.gz awk.1.gz /usr/share/man/man1/mawk.1.gz --slave /usr/bin/nawk nawk /usr/bin/mawk --slave /usr/share/man/man1/nawk.1.gz nawk.1.gz /usr/share/man/man1/mawk.1.gz
update-alternatives 2017-06-28 11:47:20: run with --install /usr/sbin/rmt rmt /usr/sbin/rmt-tar 50 --slave /usr/share/man/man8/rmt.8.gz rmt.8.gz /usr/share/man/man8/rmt-tar.8.gz
update-alternatives 2017-06-28 11:47:20: link group rmt updated to point to /usr/sbin/rmt-tar
update-alternatives 2017-06-28 11:47:23: run with --install /usr/share/man/man7/builtins.7.gz builtins.7.gz /usr/share/man/man7/bash-builtins.7.gz 10
update-alternatives 2017-06-28 11:47:23: link group builtins.7.gz updated to point to /usr/share/man/man7/bash-builtins.7.gz
update-alternatives 2017-06-28 11:47:29: run with --install /usr/bin/pager pager /bin/more 50 --slave /usr/share/man/man1/pager.1.gz pager.1.gz /usr/share/man/man1/more.1.gz
update-alternatives 2017-06-28 11:47:29: link group pager updated to point to /bin/more
update-alternatives 2017-06-28 11:47:29: run with --install /usr/bin/pager pager /usr/bin/pg 10 --slave /usr/share/man/man1/pager.1.gz pager.1.gz /usr/share/man/man1/pg.1.gz
update-alternatives 2017-06-28 11:47:30: run with --install /usr/bin/w w /usr/bin/w.procps 50 --slave /usr/share/man/man1/w.1.gz w.1.gz /usr/share/man/man1/w.procps.1.gz
update-alternatives 2017-06-28 11:47:30: link group w updated to point to /usr/bin/w.procps
update-alternatives 2017-06-28 11:48:46: run with --install /bin/mt mt /bin/mt-gnu 10 --slave /usr/share/man/man1/mt.1.gz mt.1.gz /usr/share/man/man1/mt-gnu.1.gz
update-alternatives 2017-06-28 11:48:46: link group mt updated to point to /bin/mt-gnu
update-alternatives 2017-06-28 11:48:47: run with --quiet --install /usr/bin/pager pager /bin/less 77 --slave /usr/share/man/man1/pager.1.gz pager.1.gz /usr/share/man/man1/less.1.gz
update-alternatives 2017-06-28 11:48:47: link group pager updated to point to /bin/less
update-alternatives 2017-06-28 11:48:47: run with --quiet --remove pager /usr/bin/less
update-alternatives 2017-06-28 11:48:47: run with --quiet --install /usr/bin/pager pager /bin/less 77 --slave /usr/share/man/man1/pager.1.gz pager.1.gz /usr/share/man/man1/less.1.gz
update-alternatives 2017-06-28 11:48:47: run with --quiet --remove pager /usr/bin/less
update-alternatives 2017-06-28 11:48:51: run with --install /bin/nc nc /bin/nc.openbsd 50 --slave /bin/netcat netcat /bin/nc.openbsd --slave /usr/share/man/man1/nc.1.gz nc.1.gz /usr/share/man/man1/nc_openbsd.1.gz --slave /usr/share/man/man1/netcat.1.gz netcat.1.gz /usr/share/man/man1/nc_openbsd.1.gz
update-alternatives 2017-06-28 11:48:51: link group nc updated to point to /bin/nc.openbsd
update-alternatives 2017-06-28 11:48:58: run with --install /usr/bin/rview rview /usr/bin/vim.tiny 10
update-alternatives 2017-06-28 11:48:58: link group rview updated to point to /usr/bin/vim.tiny
update-alternatives 2017-06-28 11:48:58: run with --install /usr/bin/vi vi /usr/bin/vim.tiny 10 --slave /usr/share/man/fr/man1/vi.1.gz vi.fr.1.gz /usr/share/man/fr/man1/vim.1.gz --slave /usr/share/man/it/man1/vi.1.gz vi.it.1.gz /usr/share/man/it/man1/vim.1.gz --slave /usr/share/man/pl/man1/vi.1.gz vi.pl.1.gz /usr/share/man/pl/man1/vim.1.gz --slave /usr/share/man/ru/man1/vi.1.gz vi.ru.1.gz /usr/share/man/ru/man1/vim.1.gz --slave /usr/share/man/ja/man1/vi.1.gz vi.ja.1.gz /usr/share/man/ja/man1/vim.1.gz --slave /usr/share/man/man1/vi.1.gz vi.1.gz /usr/share/man/man1/vim.1.gz
update-alternatives 2017-06-28 11:48:58: link group vi updated to point to /usr/bin/vim.tiny
update-alternatives 2017-06-28 11:48:58: run with --install /usr/bin/view view /usr/bin/vim.tiny 10 --slave /usr/share/man/fr/man1/view.1.gz view.fr.1.gz /usr/share/man/fr/man1/vim.1.gz --slave /usr/share/man/it/man1/view.1.gz view.it.1.gz /usr/share/man/it/man1/vim.1.gz --slave /usr/share/man/pl/man1/view.1.gz view.pl.1.gz /usr/share/man/pl/man1/vim.1.gz --slave /usr/share/man/ru/man1/view.1.gz view.ru.1.gz /usr/share/man/ru/man1/vim.1.gz --slave /usr/share/man/ja/man1/view.1.gz view.ja.1.gz /usr/share/man/ja/man1/vim.1.gz --slave /usr/share/man/man1/view.1.gz view.1.gz /usr/share/man/man1/vim.1.gz
update-alternatives 2017-06-28 11:48:58: link group view updated to point to /usr/bin/vim.tiny
update-alternatives 2017-06-28 11:48:58: run with --install /usr/bin/ex ex /usr/bin/vim.tiny 10 --slave /usr/share/man/fr/man1/ex.1.gz ex.fr.1.gz /usr/share/man/fr/man1/vim.1.gz --slave /usr/share/man/it/man1/ex.1.gz ex.it.1.gz /usr/share/man/it/man1/vim.1.gz --slave /usr/share/man/pl/man1/ex.1.gz ex.pl.1.gz /usr/share/man/pl/man1/vim.1.gz --slave /usr/share/man/ru/man1/ex.1.gz ex.ru.1.gz /usr/share/man/ru/man1/vim.1.gz --slave /usr/share/man/ja/man1/ex.1.gz ex.ja.1.gz /usr/share/man/ja/man1/vim.1.gz --slave /usr/share/man/man1/ex.1.gz ex.1.gz /usr/share/man/man1/vim.1.gz
update-alternatives 2017-06-28 11:48:58: link group ex updated to point to /usr/bin/vim.tiny
update-alternatives 2017-06-28 11:48:58: run with --install /usr/bin/editor editor /usr/bin/vim.tiny 10 --slave /usr/share/man/fr/man1/editor.1.gz editor.fr.1.gz /usr/share/man/fr/man1/vim.1.gz --slave /usr/share/man/it/man1/editor.1.gz editor.it.1.gz /usr/share/man/it/man1/vim.1.gz --slave /usr/share/man/pl/man1/editor.1.gz editor.pl.1.gz /usr/share/man/pl/man1/vim.1.gz --slave /usr/share/man/ru/man1/editor.1.gz editor.ru.1.gz /usr/share/man/ru/man1/vim.1.gz --slave /usr/share/man/ja/man1/editor.1.gz editor.ja.1.gz /usr/share/man/ja/man1/vim.1.gz --slave /usr/share/man/man1/editor.1.gz editor.1.gz /usr/share/man/man1/vim.1.gz
update-alternatives 2017-06-28 11:48:58: link group editor updated to point to /usr/bin/vim.tiny
update-alternatives 2017-06-28 11:49:04: run with --install /etc/newt/palette newt-palette /etc/newt/palette.ubuntu 50
update-alternatives 2017-06-28 11:49:04: link group newt-palette updated to point to /etc/newt/palette.ubuntu
update-alternatives 2017-06-28 11:49:04: run with --install /etc/newt/palette newt-palette /etc/newt/palette.original 20
update-alternatives 2017-06-28 11:49:07: run with --quiet --install /lib/cpp cpp /usr/bin/cpp 10
update-alternatives 2017-06-28 11:49:07: link group cpp updated to point to /usr/bin/cpp
update-alternatives 2017-06-28 11:49:12: run with --quiet --install /usr/bin/cc cc /usr/bin/gcc 20 --slave /usr/share/man/man1/cc.1.gz cc.1.gz /usr/share/man/man1/gcc.1.gz
update-alternatives 2017-06-28 11:49:12: link group cc updated to point to /usr/bin/gcc
update-alternatives 2017-06-28 11:49:12: run with --quiet --install /usr/bin/c89 c89 /usr/bin/c89-gcc 20 --slave /usr/share/man/man1/c89.1.gz c89.1.gz /usr/share/man/man1/c89-gcc.1.gz
update-alternatives 2017-06-28 11:49:12: link group c89 updated to point to /usr/bin/c89-gcc
update-alternatives 2017-06-28 11:49:12: run with --quiet --install /usr/bin/c99 c99 /usr/bin/c99-gcc 20 --slave /usr/share/man/man1/c99.1.gz c99.1.gz /usr/share/man/man1/c99-gcc.1.gz
update-alternatives 2017-06-28 11:49:12: link group c99 updated to point to /usr/bin/c99-gcc
update-alternatives 2017-06-28 11:49:17: run with --install /etc/vtrgb vtrgb /etc/console-setup/vtrgb 50
update-alternatives 2017-06-28 11:49:17: link group vtrgb updated to point to /etc/console-setup/vtrgb
update-alternatives 2017-06-28 11:49:17: run with --install /etc/vtrgb vtrgb /etc/console-setup/vtrgb.vga 20
update-alternatives 2017-06-28 11:49:31: run with --remove builtins.7.gz /usr/share/man/man7/bash-builtins.7.gz
update-alternatives 2017-06-28 11:49:31: link group builtins.7.gz fully removed
update-alternatives 2017-06-28 11:49:32: run with --install /usr/share/man/man7/builtins.7.gz builtins.7.gz /usr/share/man/man7/bash-builtins.7.gz 10
update-alternatives 2017-06-28 11:49:32: link group builtins.7.gz updated to point to /usr/share/man/man7/bash-builtins.7.gz
update-alternatives 2017-06-28 11:50:13: run with --install /usr/bin/pager pager /bin/more 50 --slave /usr/share/man/man1/pager.1.gz pager.1.gz /usr/share/man/man1/more.1.gz
update-alternatives 2017-06-28 11:50:13: run with --install /usr/bin/pager pager /usr/bin/pg 10 --slave /usr/share/man/man1/pager.1.gz pager.1.gz /usr/share/man/man1/pg.1.gz
update-alternatives 2017-06-28 11:50:15: run with --install /usr/sbin/rmt rmt /usr/sbin/rmt-tar 50 --slave /usr/share/man/man8/rmt.8.gz rmt.8.gz /usr/share/man/man8/rmt-tar.8.gz
update-alternatives 2017-06-28 11:51:02: run with --install /usr/bin/w w /usr/bin/w.procps 50 --slave /usr/share/man/man1/w.1.gz w.1.gz /usr/share/man/man1/w.procps.1.gz
update-alternatives 2017-06-28 11:51:14: run with --quiet --install /usr/bin/pager pager /bin/less 77 --slave /usr/share/man/man1/pager.1.gz pager.1.gz /usr/share/man/man1/less.1.gz
update-alternatives 2017-06-28 11:51:14: run with --quiet --remove pager /usr/bin/less
update-alternatives 2017-06-28 11:51:14: run with --quiet --install /usr/bin/pager pager /bin/less 77 --slave /usr/share/man/man1/pager.1.gz pager.1.gz /usr/share/man/man1/less.1.gz
update-alternatives 2017-06-28 11:51:14: run with --quiet --remove pager /usr/bin/less
update-alternatives 2017-06-28 11:51:17: run with --install /usr/bin/rview rview /usr/bin/vim.tiny 10
update-alternatives 2017-06-28 11:51:17: run with --install /usr/bin/vi vi /usr/bin/vim.tiny 10 --slave /usr/share/man/fr/man1/vi.1.gz vi.fr.1.gz /usr/share/man/fr/man1/vim.1.gz --slave /usr/share/man/it/man1/vi.1.gz vi.it.1.gz /usr/share/man/it/man1/vim.1.gz --slave /usr/share/man/pl/man1/vi.1.gz vi.pl.1.gz /usr/share/man/pl/man1/vim.1.gz --slave /usr/share/man/ru/man1/vi.1.gz vi.ru.1.gz /usr/share/man/ru/man1/vim.1.gz --slave /usr/share/man/ja/man1/vi.1.gz vi.ja.1.gz /usr/share/man/ja/man1/vim.1.gz --slave /usr/share/man/man1/vi.1.gz vi.1.gz /usr/share/man/man1/vim.1.gz
update-alternatives 2017-06-28 11:51:17: run with --install /usr/bin/view view /usr/bin/vim.tiny 10 --slave /usr/share/man/fr/man1/view.1.gz view.fr.1.gz /usr/share/man/fr/man1/vim.1.gz --slave /usr/share/man/it/man1/view.1.gz view.it.1.gz /usr/share/man/it/man1/vim.1.gz --slave /usr/share/man/pl/man1/view.1.gz view.pl.1.gz /usr/share/man/pl/man1/vim.1.gz --slave /usr/share/man/ru/man1/view.1.gz view.ru.1.gz /usr/share/man/ru/man1/vim.1.gz --slave /usr/share/man/ja/man1/view.1.gz view.ja.1.gz /usr/share/man/ja/man1/vim.1.gz --slave /usr/share/man/man1/view.1.gz view.1.gz /usr/share/man/man1/vim.1.gz
update-alternatives 2017-06-28 11:51:17: run with --install /usr/bin/ex ex /usr/bin/vim.tiny 10 --slave /usr/share/man/fr/man1/ex.1.gz ex.fr.1.gz /usr/share/man/fr/man1/vim.1.gz --slave /usr/share/man/it/man1/ex.1.gz ex.it.1.gz /usr/share/man/it/man1/vim.1.gz --slave /usr/share/man/pl/man1/ex.1.gz ex.pl.1.gz /usr/share/man/pl/man1/vim.1.gz --slave /usr/share/man/ru/man1/ex.1.gz ex.ru.1.gz /usr/share/man/ru/man1/vim.1.gz --slave /usr/share/man/ja/man1/ex.1.gz ex.ja.1.gz /usr/share/man/ja/man1/vim.1.gz --slave /usr/share/man/man1/ex.1.gz ex.1.gz /usr/share/man/man1/vim.1.gz
update-alternatives 2017-06-28 11:51:17: run with --install /usr/bin/editor editor /usr/bin/vim.tiny 10 --slave /usr/share/man/fr/man1/editor.1.gz editor.fr.1.gz /usr/share/man/fr/man1/vim.1.gz --slave /usr/share/man/it/man1/editor.1.gz editor.it.1.gz /usr/share/man/it/man1/vim.1.gz --slave /usr/share/man/pl/man1/editor.1.gz editor.pl.1.gz /usr/share/man/pl/man1/vim.1.gz --slave /usr/share/man/ru/man1/editor.1.gz editor.ru.1.gz /usr/share/man/ru/man1/vim.1.gz --slave /usr/share/man/ja/man1/editor.1.gz editor.ja.1.gz /usr/share/man/ja/man1/vim.1.gz --slave /usr/share/man/man1/editor.1.gz editor.1.gz /usr/share/man/man1/vim.1.gz
update-alternatives 2017-06-28 11:51:21: run with --install /etc/vtrgb vtrgb /etc/console-setup/vtrgb 50
update-alternatives 2017-06-28 11:51:21: run with --install /etc/vtrgb vtrgb /etc/console-setup/vtrgb.vga 20
update-alternatives 2017-06-28 11:53:27: run with --install /usr/share/icons/default/index.theme x-cursor-theme /usr/share/icons/Adwaita/cursor.theme 90
update-alternatives 2017-06-28 11:53:27: link group x-cursor-theme updated to point to /usr/share/icons/Adwaita/cursor.theme
update-alternatives 2017-06-28 11:54:15: run with --force --install /etc/ld.so.conf.d/x86_64-linux-gnu_EGL.conf x86_64-linux-gnu_egl_conf /usr/lib/x86_64-linux-gnu/mesa-egl/ld.so.conf 500
update-alternatives 2017-06-28 11:54:15: link group x86_64-linux-gnu_egl_conf updated to point to /usr/lib/x86_64-linux-gnu/mesa-egl/ld.so.conf
update-alternatives 2017-06-28 11:56:41: run with --quiet --install /usr/bin/pinentry pinentry /usr/bin/pinentry-gnome3 90 --slave /usr/share/man/man1/pinentry.1.gz pinentry.1.gz /usr/share/man/man1/pinentry-gnome3.1.gz
update-alternatives 2017-06-28 11:56:41: link group pinentry updated to point to /usr/bin/pinentry-gnome3
update-alternatives 2017-06-28 11:56:41: run with --quiet --install /usr/bin/pinentry-x11 pinentry-x11 /usr/bin/pinentry-gnome3 90 --slave /usr/share/man/man1/pinentry-x11.1.gz pinentry-x11.1.gz /usr/share/man/man1/pinentry-gnome3.1.gz
update-alternatives 2017-06-28 11:56:41: link group pinentry-x11 updated to point to /usr/bin/pinentry-gnome3
update-alternatives 2017-06-28 12:10:05: run with --install /usr/bin/write write /usr/bin/bsd-write 100 --slave /usr/share/man/man1/write.1.gz write.1.gz /usr/share/man/man1/bsd-write.1.gz
update-alternatives 2017-06-28 12:10:05: link group write updated to point to /usr/bin/bsd-write
update-alternatives 2017-06-28 12:10:05: run with --install /usr/bin/from from /usr/bin/bsd-from 10 --slave /usr/share/man/man1/from.1.gz from.1.gz /usr/share/man/man1/bsd-from.1.gz
update-alternatives 2017-06-28 12:10:05: link group from updated to point to /usr/bin/bsd-from
update-alternatives 2017-06-28 12:10:26: run with --install /usr/share/fonts/truetype/fonts-japanese-gothic.ttf fonts-japanese-gothic.ttf /usr/share/fonts/truetype/takao-gothic/TakaoPGothic.ttf 130
update-alternatives 2017-06-28 12:10:26: link group fonts-japanese-gothic.ttf updated to point to /usr/share/fonts/truetype/takao-gothic/TakaoPGothic.ttf
update-alternatives 2017-06-28 12:10:26: run with --quiet --install /usr/bin/awk awk /usr/bin/gawk 10 --slave /usr/share/man/man1/awk.1.gz awk.1.gz /usr/share/man/man1/gawk.1.gz --slave /usr/bin/nawk nawk /usr/bin/gawk --slave /usr/share/man/man1/nawk.1.gz nawk.1.gz /usr/share/man/man1/gawk.1.gz
update-alternatives 2017-06-28 12:10:26: link group awk updated to point to /usr/bin/gawk
update-alternatives 2017-06-28 12:10:43: run with --force --install /etc/ld.so.conf.d/x86_64-linux-gnu_GL.conf x86_64-linux-gnu_gl_conf /usr/lib/x86_64-linux-gnu/mesa/ld.so.conf 500 --slave /usr/lib/x86_64-linux-gnu/xorg/extra-modules x86_64-linux-gnu_xorg_extra_modules /usr/lib/x86_64-linux-gnu/xorg/x11-extra-modules
update-alternatives 2017-06-28 12:10:43: link group x86_64-linux-gnu_gl_conf updated to point to /usr/lib/x86_64-linux-gnu/mesa/ld.so.conf
update-alternatives 2017-06-28 12:11:01: run with --install /usr/bin/rename rename /usr/bin/prename 60 --slave /usr/share/man/man1/rename.1.gz rename.1.gz /usr/share/man/man1/prename.1.gz
update-alternatives 2017-06-28 12:11:01: link group rename updated to point to /usr/bin/prename
update-alternatives 2017-06-28 12:11:01: run with --install /usr/bin/automake automake /usr/bin/automake-1.15 33 --slave /usr/bin/aclocal aclocal /usr/bin/aclocal-1.15 --slave /usr/share/man/man1/automake.1.gz automake.1.gz /usr/share/man/man1/automake-1.15.1.gz --slave /usr/share/man/man1/aclocal.1.gz aclocal.1.gz /usr/share/man/man1/aclocal-1.15.1.gz
update-alternatives 2017-06-28 12:11:01: link group automake updated to point to /usr/bin/automake-1.15
update-alternatives 2017-06-28 12:11:04: run with --install /usr/bin/lzma lzma /usr/bin/xz 20 --slave /usr/share/man/man1/lzma.1.gz lzma.1.gz /usr/share/man/man1/xz.1.gz --slave /usr/bin/unlzma unlzma /usr/bin/unxz --slave /usr/share/man/man1/unlzma.1.gz unlzma.1.gz /usr/share/man/man1/unxz.1.gz --slave /usr/bin/lzcat lzcat /usr/bin/xzcat --slave /usr/share/man/man1/lzcat.1.gz lzcat.1.gz /usr/share/man/man1/xzcat.1.gz --slave /usr/bin/lzmore lzmore /usr/bin/xzmore --slave /usr/share/man/man1/lzmore.1.gz lzmore.1.gz /usr/share/man/man1/xzmore.1.gz --slave /usr/bin/lzless lzless /usr/bin/xzless --slave /usr/share/man/man1/lzless.1.gz lzless.1.gz /usr/share/man/man1/xzless.1.gz --slave /usr/bin/lzdiff lzdiff /usr/bin/xzdiff --slave /usr/share/man/man1/lzdiff.1.gz lzdiff.1.gz /usr/share/man/man1/xzdiff.1.gz --slave /usr/bin/lzcmp lzcmp /usr/bin/xzcmp --slave /usr/share/man/man1/lzcmp.1.gz lzcmp.1.gz /usr/share/man/man1/xzcmp.1.gz --slave /usr/bin/lzgrep lzgrep /usr/bin/xzgrep --slave /usr/share/man/man1/lzgrep.1.gz lzgrep.1.gz /usr/share/man/man1/xzgrep.1.gz --slave /usr/bin/lzegrep lzegrep /usr/bin/xzegrep --slave /usr/share/man/man1/lzegrep.1.gz lzegrep.1.gz /usr/share/man/man1/xzegrep.1.gz --slave /usr/bin/lzfgrep lzfgrep /usr/bin/xzfgrep --slave /usr/share/man/man1/lzfgrep.1.gz lzfgrep.1.gz /usr/share/man/man1/xzfgrep.1.gz
update-alternatives 2017-06-28 12:11:04: link group lzma updated to point to /usr/bin/xz
update-alternatives 2017-06-28 12:11:18: run with --install /usr/lib/x86_64-linux-gnu/libtxc_dxtn.so libtxc-dxtn-x86_64-linux-gnu /usr/lib/x86_64-linux-gnu/libtxc_dxtn_s2tc.so.0 10
update-alternatives 2017-06-28 12:11:18: link group libtxc-dxtn-x86_64-linux-gnu updated to point to /usr/lib/x86_64-linux-gnu/libtxc_dxtn_s2tc.so.0
update-alternatives 2017-06-28 12:11:28: run with --quiet --install /usr/bin/editor editor /bin/ed -100 --slave /usr/share/man/man1/editor.1.gz editor.1.gz /usr/share/man/man1/ed.1.gz
update-alternatives 2017-06-28 12:11:30: run with --install /usr/bin/ftp ftp /usr/bin/netkit-ftp 100 --slave /usr/bin/pftp pftp /usr/bin/netkit-ftp --slave /usr/share/man/man1/ftp.1.gz ftp.1.gz /usr/share/man/man1/netkit-ftp.1.gz --slave /usr/share/man/man1/pftp.1.gz pftp.1.gz /usr/share/man/man1/netkit-ftp.1.gz --slave /usr/share/man/man5/netrc.5.gz netrc.5.gz /usr/share/man/man5/netkit-netrc.5.gz
update-alternatives 2017-06-28 12:11:30: link group ftp updated to point to /usr/bin/netkit-ftp
update-alternatives 2017-06-28 12:11:30: run with --install /usr/bin/infobrowser infobrowser /usr/bin/info 60 --slave /usr/share/man/man1/infobrowser.1.gz infobrowser.1.gz /usr/share/man/man1/info.1.gz
update-alternatives 2017-06-28 12:11:30: link group infobrowser updated to point to /usr/bin/info
update-alternatives 2017-06-28 12:11:31: run with --install /usr/bin/traceroute6 traceroute6 /usr/bin/traceroute6.iputils 100 --slave /usr/share/man/man8/traceroute6.8.gz traceroute6.8.gz /usr/share/man/man8/traceroute6.iputils.8.gz
update-alternatives 2017-06-28 12:11:31: link group traceroute6 updated to point to /usr/bin/traceroute6.iputils
update-alternatives 2017-06-28 12:11:34: run with --install /usr/bin/locate locate /usr/bin/mlocate 80 --slave /usr/share/man/man1/locate.1.gz locate.1.gz /usr/share/man/man1/mlocate.1.gz --slave /usr/bin/updatedb updatedb /usr/bin/updatedb.mlocate
update-alternatives 2017-06-28 12:11:34: link group locate updated to point to /usr/bin/mlocate
update-alternatives 2017-06-28 12:11:35: run with --install /usr/bin/editor editor /bin/nano 40 --slave /usr/share/man/man1/editor.1.gz editor.1.gz /usr/share/man/man1/nano.1.gz
update-alternatives 2017-06-28 12:11:35: link group editor updated to point to /bin/nano
update-alternatives 2017-06-28 12:11:35: run with --install /usr/bin/pico pico /bin/nano 10 --slave /usr/share/man/man1/pico.1.gz pico.1.gz /usr/share/man/man1/nano.1.gz
update-alternatives 2017-06-28 12:11:35: link group pico updated to point to /bin/nano
update-alternatives 2017-06-28 12:11:35: run with --quiet --install /usr/bin/rsh rsh /usr/bin/ssh 20 --slave /usr/share/man/man1/rsh.1.gz rsh.1.gz /usr/share/man/man1/ssh.1.gz
update-alternatives 2017-06-28 12:11:35: link group rsh updated to point to /usr/bin/ssh
update-alternatives 2017-06-28 12:11:35: run with --quiet --install /usr/bin/rlogin rlogin /usr/bin/slogin 20 --slave /usr/share/man/man1/rlogin.1.gz rlogin.1.gz /usr/share/man/man1/slogin.1.gz
update-alternatives 2017-06-28 12:11:35: link group rlogin updated to point to /usr/bin/slogin
update-alternatives 2017-06-28 12:11:35: run with --quiet --install /usr/bin/rcp rcp /usr/bin/scp 20 --slave /usr/share/man/man1/rcp.1.gz rcp.1.gz /usr/share/man/man1/scp.1.gz
update-alternatives 2017-06-28 12:11:35: link group rcp updated to point to /usr/bin/scp
update-alternatives 2017-06-28 12:11:37: run with --install /usr/bin/telnet telnet /usr/bin/telnet.netkit 100 --slave /usr/share/man/man1/telnet.1.gz telnet.1.gz /usr/share/man/man1/telnet.netkit.1.gz
update-alternatives 2017-06-28 12:11:37: link group telnet updated to point to /usr/bin/telnet.netkit
update-alternatives 2017-06-28 12:11:47: run with --install /usr/bin/aptitude aptitude /usr/bin/aptitude-curses 30 --slave /usr/share/man/man8/aptitude.8.gz aptitude.8.gz /usr/share/man/man8/aptitude-curses.8.gz --slave /usr/share/man/cs/man8/aptitude.8.gz aptitude.cs.8.gz /usr/share/man/cs/man8/aptitude-curses.8.gz --slave /usr/share/man/de/man8/aptitude.8.gz aptitude.de.8.gz /usr/share/man/de/man8/aptitude-curses.8.gz --slave /usr/share/man/es/man8/aptitude.8.gz aptitude.es.8.gz /usr/share/man/es/man8/aptitude-curses.8.gz --slave /usr/share/man/fi/man8/aptitude.8.gz aptitude.fi.8.gz /usr/share/man/fi/man8/aptitude-curses.8.gz --slave /usr/share/man/fr/man8/aptitude.8.gz aptitude.fr.8.gz /usr/share/man/fr/man8/aptitude-curses.8.gz --slave /usr/share/man/gl/man8/aptitude.8.gz aptitude.gl.8.gz /usr/share/man/gl/man8/aptitude-curses.8.gz --slave /usr/share/man/it/man8/aptitude.8.gz aptitude.it.8.gz /usr/share/man/it/man8/aptitude-curses.8.gz --slave /usr/share/man/ja/man8/aptitude.8.gz aptitude.ja.8.gz /usr/share/man/ja/man8/aptitude-curses.8.gz --slave /usr/share/man/pl/man8/aptitude.8.gz aptitude.pl.8.gz /usr/share/man/pl/man8/aptitude-curses.8.gz
update-alternatives 2017-06-28 12:11:47: link group aptitude updated to point to /usr/bin/aptitude-curses
update-alternatives 2017-06-28 12:11:58: run with --install /usr/bin/yacc yacc /usr/bin/bison.yacc 100 --slave /usr/share/man/man1/yacc.1.gz yaccman /usr/share/man/man1/bison.yacc.1.gz
update-alternatives 2017-06-28 12:11:58: link group yacc updated to point to /usr/bin/bison.yacc
update-alternatives 2017-06-28 12:12:04: run with --install /usr/share/ghostscript/current ghostscript-current /usr/share/ghostscript/9.18 918
update-alternatives 2017-06-28 12:12:04: link group ghostscript-current updated to point to /usr/share/ghostscript/9.18
update-alternatives 2017-06-28 12:12:05: run with --install /usr/bin/compare compare /usr/bin/compare-im6 100 --slave /usr/share/man/man1/compare.1.gz compare.1.gz /usr/share/man/man1/compare-im6.1.gz
update-alternatives 2017-06-28 12:12:05: link group compare updated to point to /usr/bin/compare-im6
update-alternatives 2017-06-28 12:12:05: run with --install /usr/bin/animate animate /usr/bin/animate-im6 100 --slave /usr/share/man/man1/animate.1.gz animate.1.gz /usr/share/man/man1/animate-im6.1.gz
update-alternatives 2017-06-28 12:12:05: link group animate updated to point to /usr/bin/animate-im6
update-alternatives 2017-06-28 12:12:05: run with --install /usr/bin/convert convert /usr/bin/convert-im6 100 --slave /usr/share/man/man1/convert.1.gz convert.1.gz /usr/share/man/man1/convert-im6.1.gz
update-alternatives 2017-06-28 12:12:05: link group convert updated to point to /usr/bin/convert-im6
update-alternatives 2017-06-28 12:12:05: run with --install /usr/bin/composite composite /usr/bin/composite-im6 100 --slave /usr/share/man/man1/composite.1.gz composite.1.gz /usr/share/man/man1/composite-im6.1.gz
update-alternatives 2017-06-28 12:12:05: link group composite updated to point to /usr/bin/composite-im6
update-alternatives 2017-06-28 12:12:05: run with --install /usr/bin/conjure conjure /usr/bin/conjure-im6 100 --slave /usr/share/man/man1/conjure.1.gz conjure.1.gz /usr/share/man/man1/conjure-im6.1.gz
update-alternatives 2017-06-28 12:12:05: link group conjure updated to point to /usr/bin/conjure-im6
update-alternatives 2017-06-28 12:12:05: run with --install /usr/bin/import import /usr/bin/import-im6 100 --slave /usr/share/man/man1/import.1.gz import.1.gz /usr/share/man/man1/import-im6.1.gz
update-alternatives 2017-06-28 12:12:05: link group import updated to point to /usr/bin/import-im6
update-alternatives 2017-06-28 12:12:05: run with --install /usr/bin/identify identify /usr/bin/identify-im6 100 --slave /usr/share/man/man1/identify.1.gz identify.1.gz /usr/share/man/man1/identify-im6.1.gz
update-alternatives 2017-06-28 12:12:05: link group identify updated to point to /usr/bin/identify-im6
update-alternatives 2017-06-28 12:12:05: run with --install /usr/bin/stream stream /usr/bin/stream-im6 100 --slave /usr/share/man/man1/stream.1.gz stream.1.gz /usr/share/man/man1/stream-im6.1.gz
update-alternatives 2017-06-28 12:12:05: link group stream updated to point to /usr/bin/stream-im6
update-alternatives 2017-06-28 12:12:05: run with --install /usr/bin/display display /usr/bin/display-im6 100 --slave /usr/share/man/man1/display.1.gz display.1.gz /usr/share/man/man1/display-im6.1.gz
update-alternatives 2017-06-28 12:12:05: link group display updated to point to /usr/bin/display-im6
update-alternatives 2017-06-28 12:12:05: run with --install /usr/bin/montage montage /usr/bin/montage-im6 100 --slave /usr/share/man/man1/montage.1.gz montage.1.gz /usr/share/man/man1/montage-im6.1.gz
update-alternatives 2017-06-28 12:12:05: link group montage updated to point to /usr/bin/montage-im6
update-alternatives 2017-06-28 12:12:05: run with --install /usr/bin/mogrify mogrify /usr/bin/mogrify-im6 100 --slave /usr/share/man/man1/mogrify.1.gz mogrify.1.gz /usr/share/man/man1/mogrify-im6.1.gz
update-alternatives 2017-06-28 12:12:05: link group mogrify updated to point to /usr/bin/mogrify-im6
update-alternatives 2017-06-28 12:12:25: run with --install /usr/share/icons/default/index.theme x-cursor-theme /usr/share/icons/DMZ-White/cursor.theme 100
update-alternatives 2017-06-28 12:12:25: link group x-cursor-theme updated to point to /usr/share/icons/DMZ-White/cursor.theme
update-alternatives 2017-06-28 12:12:25: run with --install /usr/share/icons/default/index.theme x-cursor-theme /usr/share/icons/DMZ-Black/cursor.theme 30
update-alternatives 2017-06-28 12:12:33: run with --install /usr/bin/fakeroot fakeroot /usr/bin/fakeroot-sysv 50 --slave /usr/share/man/man1/fakeroot.1.gz fakeroot.1.gz /usr/share/man/man1/fakeroot-sysv.1.gz --slave /usr/share/man/man1/faked.1.gz faked.1.gz /usr/share/man/man1/faked-sysv.1.gz --slave /usr/share/man/es/man1/fakeroot.1.gz fakeroot.es.1.gz /usr/share/man/es/man1/fakeroot-sysv.1.gz --slave /usr/share/man/es/man1/faked.1.gz faked.es.1.gz /usr/share/man/es/man1/faked-sysv.1.gz --slave /usr/share/man/fr/man1/fakeroot.1.gz fakeroot.fr.1.gz /usr/share/man/fr/man1/fakeroot-sysv.1.gz --slave /usr/share/man/fr/man1/faked.1.gz faked.fr.1.gz /usr/share/man/fr/man1/faked-sysv.1.gz --slave /usr/share/man/sv/man1/fakeroot.1.gz fakeroot.sv.1.gz /usr/share/man/sv/man1/fakeroot-sysv.1.gz --slave /usr/share/man/sv/man1/faked.1.gz faked.sv.1.gz /usr/share/man/sv/man1/faked-sysv.1.gz
update-alternatives 2017-06-28 12:12:33: link group fakeroot updated to point to /usr/bin/fakeroot-sysv
update-alternatives 2017-06-28 12:12:33: run with --install /usr/bin/fakeroot fakeroot /usr/bin/fakeroot-tcp 30 --slave /usr/share/man/man1/fakeroot.1.gz fakeroot.1.gz /usr/share/man/man1/fakeroot-tcp.1.gz --slave /usr/share/man/man1/faked.1.gz faked.1.gz /usr/share/man/man1/faked-tcp.1.gz --slave /usr/share/man/es/man1/fakeroot.1.gz fakeroot.es.1.gz /usr/share/man/es/man1/fakeroot-tcp.1.gz --slave /usr/share/man/es/man1/faked.1.gz faked.es.1.gz /usr/share/man/es/man1/faked-tcp.1.gz --slave /usr/share/man/fr/man1/fakeroot.1.gz fakeroot.fr.1.gz /usr/share/man/fr/man1/fakeroot-tcp.1.gz --slave /usr/share/man/fr/man1/faked.1.gz faked.fr.1.gz /usr/share/man/fr/man1/faked-tcp.1.gz --slave /usr/share/man/sv/man1/fakeroot.1.gz fakeroot.sv.1.gz /usr/share/man/sv/man1/fakeroot-tcp.1.gz --slave /usr/share/man/sv/man1/faked.1.gz faked.sv.1.gz /usr/share/man/sv/man1/faked-tcp.1.gz
update-alternatives 2017-06-28 12:12:33: run with --install /usr/bin/gnome-www-browser gnome-www-browser /usr/bin/firefox 40
update-alternatives 2017-06-28 12:12:33: link group gnome-www-browser updated to point to /usr/bin/firefox
update-alternatives 2017-06-28 12:12:33: run with --install /usr/bin/x-www-browser x-www-browser /usr/bin/firefox 40
update-alternatives 2017-06-28 12:12:33: link group x-www-browser updated to point to /usr/bin/firefox
update-alternatives 2017-06-28 12:13:01: run with --install /usr/lib/libblas.so.3 libblas.so.3 /usr/lib/libblas/libblas.so.3 10
update-alternatives 2017-06-28 12:13:01: link group libblas.so.3 updated to point to /usr/lib/libblas/libblas.so.3
update-alternatives 2017-06-28 12:13:02: run with --install /usr/lib/liblapack.so.3 liblapack.so.3 /usr/lib/lapack/liblapack.so.3 10
update-alternatives 2017-06-28 12:13:02: link group liblapack.so.3 updated to point to /usr/lib/lapack/liblapack.so.3
update-alternatives 2017-06-28 12:13:17: run with --install /usr/share/icons/gnome/scalable/places/start-here.svg start-here.svg /usr/share/icons/gnome-colors-common/scalable/places/gnome-colors.svg 20 --slave /usr/share/icons/gnome/16x16/places/start-here.png start-here-16.png /usr/share/icons/gnome-colors-common/16x16/places/gnome-colors.png --slave /usr/share/icons/gnome/22x22/places/start-here.png start-here-22.png /usr/share/icons/gnome-colors-common/22x22/places/gnome-colors.png --slave /usr/share/icons/gnome/24x24/places/start-here.png start-here-24.png /usr/share/icons/gnome-colors-common/24x24/places/gnome-colors.png --slave /usr/share/icons/gnome/32x32/places/start-here.png start-here-32.png /usr/share/icons/gnome-colors-common/32x32/places/gnome-colors.png
update-alternatives 2017-06-28 12:13:17: link group start-here.svg updated to point to /usr/share/icons/gnome-colors-common/scalable/places/gnome-colors.svg
update-alternatives 2017-06-28 12:13:24: run with --install /usr/bin/x-session-manager x-session-manager /usr/bin/gnome-session 50 --slave /usr/share/man/man1/x-session-manager.1.gz x-session-manager.1.gz /usr/share/man/man1/gnome-session.1.gz
update-alternatives 2017-06-28 12:13:24: link group x-session-manager updated to point to /usr/bin/gnome-session
update-alternatives 2017-06-28 12:14:48: run with --install /usr/bin/x-window-manager x-window-manager /usr/bin/marco 30 --slave /usr/share/man/man1/x-window-manager.1.gz x-window-manager.1.gz /usr/share/man/man1/marco.1.gz
update-alternatives 2017-06-28 12:14:48: link group x-window-manager updated to point to /usr/bin/marco
update-alternatives 2017-06-28 12:14:52: run with --install /usr/bin/x-session-manager x-session-manager /usr/bin/mate-session 50 --slave /usr/share/man/man1/x-session-manager.1.gz x-session-manager.1.gz /usr/share/man/man1/mate-session.1.gz
update-alternatives 2017-06-28 12:14:54: run with --install /usr/bin/x-terminal-emulator x-terminal-emulator /usr/bin/mate-terminal.wrapper 30 --slave /usr/share/man/man1/x-terminal-emulator.1.gz x-terminal-emulator.1.gz /usr/share/man/man1/mate-terminal.1.gz
update-alternatives 2017-06-28 12:14:54: link group x-terminal-emulator updated to point to /usr/bin/mate-terminal.wrapper
update-alternatives 2017-06-28 12:14:57: run with --install /usr/share/plymouth/themes/text.plymouth text.plymouth /usr/share/plymouth/themes/ubuntu-text/ubuntu-text.plymouth 50
update-alternatives 2017-06-28 12:14:57: link group text.plymouth updated to point to /usr/share/plymouth/themes/ubuntu-text/ubuntu-text.plymouth
update-alternatives 2017-06-28 12:15:49: run with --install /usr/bin/rename rename /usr/bin/file-rename 70 --slave /usr/share/man/man1/rename.1.gz rename.1.gz /usr/share/man/man1/file-rename.1p.gz
update-alternatives 2017-06-28 12:15:49: link group rename updated to point to /usr/bin/file-rename
update-alternatives 2017-06-28 12:15:55: run with --quiet --install /usr/bin/ssh-askpass ssh-askpass /usr/lib/openssh/gnome-ssh-askpass 30 --slave /usr/share/man/man1/ssh-askpass.1.gz ssh-askpass.1.gz /usr/share/man/man1/gnome-ssh-askpass.1.gz
update-alternatives 2017-06-28 12:15:55: link group ssh-askpass updated to point to /usr/lib/openssh/gnome-ssh-askpass
update-alternatives 2017-06-28 12:15:57: run with --install /usr/bin/tdbbackup tdbbackup /usr/bin/tdbbackup.tdbtools 10 --slave /usr/share/man/man8/tdbbackup.8.gz tdbbackup.8.gz /usr/share/man/man8/tdbbackup.tdbtools.8.gz
update-alternatives 2017-06-28 12:15:57: link group tdbbackup updated to point to /usr/bin/tdbbackup.tdbtools
update-alternatives 2017-06-28 12:16:35: run with --install /usr/bin/x-terminal-emulator x-terminal-emulator /usr/bin/xterm 20 --slave /usr/share/man/man1/x-terminal-emulator.1.gz x-terminal-emulator.1.gz /usr/share/man/man1/xterm.1.gz
update-alternatives 2017-06-28 12:16:35: run with --install /usr/bin/x-terminal-emulator x-terminal-emulator /usr/bin/uxterm 20 --slave /usr/share/man/man1/x-terminal-emulator.1.gz x-terminal-emulator.1.gz /usr/share/man/man1/uxterm.1.gz
update-alternatives 2017-06-28 12:16:35: run with --install /usr/bin/x-terminal-emulator x-terminal-emulator /usr/bin/koi8rxterm 20 --slave /usr/share/man/man1/x-terminal-emulator.1.gz x-terminal-emulator.1.gz /usr/share/man/man1/koi8rxterm.1.gz
update-alternatives 2017-06-28 12:16:35: run with --install /usr/bin/x-terminal-emulator x-terminal-emulator /usr/bin/lxterm 30 --slave /usr/share/man/man1/x-terminal-emulator.1.gz x-terminal-emulator.1.gz /usr/share/man/man1/lxterm.1.gz
update-alternatives 2017-06-28 12:17:06: run with --install /usr/bin/gstreamer-codec-install gstreamer-codec-install /usr/bin/gst-install 80
update-alternatives 2017-06-28 12:17:06: link group gstreamer-codec-install updated to point to /usr/bin/gst-install
update-alternatives 2017-06-28 12:17:09: run with --install /usr/bin/x-window-manager x-window-manager /usr/bin/metacity 60 --slave /usr/share/man/man1/x-window-manager.1.gz x-window-manager.1.gz /usr/share/man/man1/metacity.1.gz
update-alternatives 2017-06-28 12:17:09: link group x-window-manager updated to point to /usr/bin/metacity
update-alternatives 2017-06-28 12:17:19: run with --install /usr/bin/cli-gacutil global-assembly-cache-tool /usr/bin/gacutil 10 --slave /usr/share/man/man1/cli-gacutil.1.gz cli-gacutil.1.gz /usr/share/man/man1/gacutil.1.gz
update-alternatives 2017-06-28 12:17:19: link group global-assembly-cache-tool updated to point to /usr/bin/gacutil
update-alternatives 2017-06-28 12:17:20: run with --install /usr/bin/cli cli /usr/bin/mono 10 --slave /usr/share/man/man1/cli.1.gz cli.1.gz /usr/share/man/man1/mono.1.gz
update-alternatives 2017-06-28 12:17:20: link group cli updated to point to /usr/bin/mono
update-alternatives 2017-06-28 12:17:36: run with --install /usr/share/gconf/defaults/10_libgksu libgksu-gconf-defaults /usr/share/libgksu/debian/gconf-defaults.libgksu-sudo 30
update-alternatives 2017-06-28 12:17:36: link group libgksu-gconf-defaults updated to point to /usr/share/libgksu/debian/gconf-defaults.libgksu-sudo
update-alternatives 2017-06-28 12:17:36: run with --install /usr/share/gconf/defaults/10_libgksu libgksu-gconf-defaults /usr/share/libgksu/debian/gconf-defaults.libgksu-su 20
update-alternatives 2017-06-28 12:17:49: run with --install /usr/share/plymouth/themes/default.plymouth default.plymouth /usr/share/plymouth/themes/mint-logo/mint-logo.plymouth 200
update-alternatives 2017-06-28 12:17:49: link group default.plymouth updated to point to /usr/share/plymouth/themes/mint-logo/mint-logo.plymouth
update-alternatives 2017-06-28 12:17:49: run with --install /usr/share/plymouth/themes/text.plymouth text.plymouth /usr/share/plymouth/themes/mint-text/mint-text.plymouth 200
update-alternatives 2017-06-28 12:17:49: link group text.plymouth updated to point to /usr/share/plymouth/themes/mint-text/mint-text.plymouth
update-alternatives 2017-06-28 12:18:58: run with --set newt-palette /etc/newt/palette.original
update-alternatives 2017-06-28 12:18:58: status of link group /etc/newt/palette set to manual
update-alternatives 2017-06-28 12:18:58: link group newt-palette updated to point to /etc/newt/palette.original
update-alternatives 2017-06-28 12:18:58: run with --install /etc/newt/palette newt-palette /etc/newt/palette.original 70
update-alternatives 2017-06-28 12:18:59: run with --remove x-terminal-emulator /usr/bin/koi8rxterm
update-alternatives 2017-06-28 12:18:59: run with --remove x-terminal-emulator /usr/bin/uxterm
update-alternatives 2017-06-28 12:18:59: run with --remove x-terminal-emulator /usr/bin/xterm
update-alternatives 2017-06-28 12:18:59: run with --remove x-terminal-emulator /usr/bin/lxterm
update-alternatives 2017-09-12 19:09:44: run with --set libgksu-gconf-defaults /usr/share/libgksu/debian/gconf-defaults.libgksu-sudo
update-alternatives 2017-09-12 19:09:44: status of link group /usr/share/gconf/defaults/10_libgksu set to manual
update-alternatives 2017-09-12 19:15:37: run with --install /usr/lib/mozilla/plugins/flashplugin-alternative.so mozilla-flashplugin /usr/lib/adobe-flashplugin/libflashplayer.so 50
update-alternatives 2017-09-12 19:15:37: link group mozilla-flashplugin updated to point to /usr/lib/adobe-flashplugin/libflashplayer.so
update-alternatives 2017-09-12 19:15:46: run with --install /usr/bin/unrar unrar /usr/bin/unrar-nonfree 40 --slave /usr/share/man/man1/unrar.1.gz unrar.1.gz /usr/share/man/man1/unrar-nonfree.1.gz
update-alternatives 2017-09-12 19:15:46: link group unrar updated to point to /usr/bin/unrar-nonfree
update-alternatives 2017-09-12 19:23:56: run with --install /usr/share/plymouth/themes/text.plymouth text.plymouth /usr/share/plymouth/themes/ubuntu-text/ubuntu-text.plymouth 50
update-alternatives 2017-09-12 19:24:26: run with --install /usr/bin/pager pager /bin/more 50 --slave /usr/share/man/man1/pager.1.gz pager.1.gz /usr/share/man/man1/more.1.gz
update-alternatives 2017-09-12 19:24:26: run with --install /usr/bin/pager pager /usr/bin/pg 10 --slave /usr/share/man/man1/pager.1.gz pager.1.gz /usr/share/man/man1/pg.1.gz
update-alternatives 2017-09-12 19:29:02: run with --install /usr/share/ghostscript/current ghostscript-current /usr/share/ghostscript/9.18 918
update-alternatives 2017-09-12 19:29:15: run with --quiet --install /usr/bin/pager pager /bin/less 77 --slave /usr/share/man/man1/pager.1.gz pager.1.gz /usr/share/man/man1/less.1.gz
update-alternatives 2017-09-12 19:29:15: run with --quiet --remove pager /usr/bin/less
update-alternatives 2017-09-12 19:29:15: run with --quiet --install /usr/bin/pager pager /bin/less 77 --slave /usr/share/man/man1/pager.1.gz pager.1.gz /usr/share/man/man1/less.1.gz
update-alternatives 2017-09-12 19:29:15: run with --quiet --remove pager /usr/bin/less
update-alternatives 2017-09-12 19:29:19: run with --install /usr/bin/gnome-www-browser gnome-www-browser /usr/bin/firefox 40
update-alternatives 2017-09-12 19:29:19: run with --install /usr/bin/x-www-browser x-www-browser /usr/bin/firefox 40
update-alternatives 2017-09-12 19:29:28: run with --install /usr/bin/compare compare /usr/bin/compare-im6 100 --slave /usr/share/man/man1/compare.1.gz compare.1.gz /usr/share/man/man1/compare-im6.1.gz
update-alternatives 2017-09-12 19:29:28: run with --install /usr/bin/animate animate /usr/bin/animate-im6 100 --slave /usr/share/man/man1/animate.1.gz animate.1.gz /usr/share/man/man1/animate-im6.1.gz
update-alternatives 2017-09-12 19:29:28: run with --install /usr/bin/convert convert /usr/bin/convert-im6 100 --slave /usr/share/man/man1/convert.1.gz convert.1.gz /usr/share/man/man1/convert-im6.1.gz
update-alternatives 2017-09-12 19:29:28: run with --install /usr/bin/composite composite /usr/bin/composite-im6 100 --slave /usr/share/man/man1/composite.1.gz composite.1.gz /usr/share/man/man1/composite-im6.1.gz
update-alternatives 2017-09-12 19:29:28: run with --install /usr/bin/conjure conjure /usr/bin/conjure-im6 100 --slave /usr/share/man/man1/conjure.1.gz conjure.1.gz /usr/share/man/man1/conjure-im6.1.gz
update-alternatives 2017-09-12 19:29:28: run with --install /usr/bin/import import /usr/bin/import-im6 100 --slave /usr/share/man/man1/import.1.gz import.1.gz /usr/share/man/man1/import-im6.1.gz
update-alternatives 2017-09-12 19:29:28: run with --install /usr/bin/identify identify /usr/bin/identify-im6 100 --slave /usr/share/man/man1/identify.1.gz identify.1.gz /usr/share/man/man1/identify-im6.1.gz
update-alternatives 2017-09-12 19:29:28: run with --install /usr/bin/stream stream /usr/bin/stream-im6 100 --slave /usr/share/man/man1/stream.1.gz stream.1.gz /usr/share/man/man1/stream-im6.1.gz
update-alternatives 2017-09-12 19:29:28: run with --install /usr/bin/display display /usr/bin/display-im6 100 --slave /usr/share/man/man1/display.1.gz display.1.gz /usr/share/man/man1/display-im6.1.gz
update-alternatives 2017-09-12 19:29:28: run with --install /usr/bin/montage montage /usr/bin/montage-im6 100 --slave /usr/share/man/man1/montage.1.gz montage.1.gz /usr/share/man/man1/montage-im6.1.gz
update-alternatives 2017-09-12 19:29:28: run with --install /usr/bin/mogrify mogrify /usr/bin/mogrify-im6 100 --slave /usr/share/man/man1/mogrify.1.gz mogrify.1.gz /usr/share/man/man1/mogrify-im6.1.gz
update-alternatives 2017-09-12 19:34:38: run with --force --install /etc/ld.so.conf.d/x86_64-linux-gnu_EGL.conf x86_64-linux-gnu_egl_conf /usr/lib/x86_64-linux-gnu/mesa-egl/ld.so.conf 500
update-alternatives 2017-09-12 19:35:06: run with --force --install /etc/ld.so.conf.d/x86_64-linux-gnu_GL.conf x86_64-linux-gnu_gl_conf /usr/lib/x86_64-linux-gnu/mesa/ld.so.conf 500 --slave /usr/lib/x86_64-linux-gnu/xorg/extra-modules x86_64-linux-gnu_xorg_extra_modules /usr/lib/x86_64-linux-gnu/xorg/x11-extra-modules
update-alternatives 2017-09-13 00:05:57: run with --quiet --install /usr/bin/www-browser www-browser /usr/bin/links 68 --slave /usr/share/man/man1/www-browser.1.gz www-browser.1.gz /usr/share/man/man1/links.1.gz
update-alternatives 2017-09-13 00:05:57: link group www-browser updated to point to /usr/bin/links
update-alternatives: using /usr/sbin/rmt-tar to provide /usr/sbin/rmt (rmt) in auto mode
update-alternatives: using /usr/share/man/man7/bash-builtins.7.gz to provide /usr/share/man/man7/builtins.7.gz (builtins.7.gz) in auto mode
update-alternatives: using /bin/more to provide /usr/bin/pager (pager) in auto mode
update-alternatives: using /usr/bin/w.procps to provide /usr/bin/w (w) in auto mode
update-rc.d: warning: start and stop actions are no longer supported; falling back to defaults
update-alternatives: using /bin/mt-gnu to provide /bin/mt (mt) in auto mode
update-alternatives: using /bin/nc.openbsd to provide /bin/nc (nc) in auto mode
update-rc.d: warning: start and stop actions are no longer supported; falling back to defaults
update-rc.d: warning: stop runlevel arguments (1) do not match cron Default-Stop values (none)
update-alternatives: using /usr/bin/vim.tiny to provide /usr/bin/rview (rview) in auto mode
update-alternatives: using /usr/bin/vim.tiny to provide /usr/bin/vi (vi) in auto mode
update-alternatives: using /usr/bin/vim.tiny to provide /usr/bin/view (view) in auto mode
update-alternatives: using /usr/bin/vim.tiny to provide /usr/bin/ex (ex) in auto mode
update-alternatives: using /usr/bin/vim.tiny to provide /usr/bin/editor (editor) in auto mode
update-rc.d: warning: start and stop actions are no longer supported; falling back to defaults
update-initramfs: deferring update (trigger activated)
update-initramfs: deferring update (trigger activated)
update-alternatives: using /etc/newt/palette.ubuntu to provide /etc/newt/palette (newt-palette) in auto mode
update-initramfs: deferring update (trigger activated)
update-alternatives: using /etc/console-setup/vtrgb to provide /etc/vtrgb (vtrgb) in auto mode
update-alternatives: using /usr/lib/adobe-flashplugin/libflashplayer.so to provide /usr/lib/mozilla/plugins/flashplugin-alternative.so (mozilla-flashplugin) in auto mode
update-alternatives: using /usr/bin/unrar-nonfree to provide /usr/bin/unrar (unrar) in auto mode
update-initramfs: deferring update (trigger activated)
update-initramfs: Generating /boot/initrd.img-4.8.0-53-generic
update-initramfs: deferring update (trigger activated)
update-initramfs: deferring update (trigger activated)
update-initramfs: Generating /boot/initrd.img-4.8.0-53-generic
update-initramfs: deferring update (trigger activated)
update-initramfs: Generating /boot/initrd.img-4.8.0-53-generic
update-initramfs: deferring update (hook will be called later)
update-initramfs: Generating /boot/initrd.img-4.10.0-33-generic
update-initramfs: Generating /boot/initrd.img-4.10.0-33-generic
update-initramfs: Generating /boot/initrd.img-4.10.0-33-generic
